The COMPOSE_PROJECT_NAME variable is not set. Defaulting to a blank string.
Creating network "network_beatchain" with the default driver
Creating volume "network_orderer.beatchain.com" with default driver
Creating volume "network_peer0.customerorg.beatchain.com" with default driver
Creating volume "network_peer0.creatororg.beatchain.com" with default driver
Creating volume "network_peer0.appdevorg.beatchain.com" with default driver
Creating peer0.customerorg.beatchain.com ... 
Creating ca_peerAppDevOrg ... 
Creating ca_peerCreatorOrg ... 
Creating ca_peerCustomerOrg ... 
Creating peer0.appdevorg.beatchain.com ... 
Creating orderer.beatchain.com ... 
Creating peer0.creatororg.beatchain.com ... 
Creating ca_peerAppDevOrg
Creating ca_peerCustomerOrg
Creating ca_peerCreatorOrg
Creating peer0.customerorg.beatchain.com
Creating peer0.appdevorg.beatchain.com
Creating peer0.creatororg.beatchain.com
Creating orderer.beatchain.com
[1A[2KCreating peer0.appdevorg.beatchain.com ... [32mdone[0m[1B[1A[2KCreating ca_peerCreatorOrg ... [32mdone[0m[1B[1A[2KCreating ca_peerCustomerOrg ... [32mdone[0m[1B[1A[2KCreating ca_peerAppDevOrg ... [32mdone[0m[1B[1A[2KCreating peer0.creatororg.beatchain.com ... [32mdone[0m[1B[1A[2KCreating orderer.beatchain.com ... [32mdone[0m[1B[1A[2KCreating peer0.customerorg.beatchain.com ... [32mdone[0m[1BAttaching to peer0.appdevorg.beatchain.com, ca_peerCreatorOrg, ca_peerCustomerOrg, ca_peerAppDevOrg, peer0.creatororg.beatchain.com, orderer.beatchain.com, peer0.customerorg.beatchain.com
[36mpeer0.appdevorg.beatchain.com      |[0m [33m2020-04-09 03:04:33.790 UTC [main] InitCmd -> WARN 001[0m CORE_LOGGING_LEVEL is no longer supported, please use the FABRIC_LOGGING_SPEC environment variable
[36mpeer0.appdevorg.beatchain.com      |[0m [34m2020-04-09 03:04:33.819 UTC [nodeCmd] serve -> INFO 002[0m Starting peer:
[36mpeer0.appdevorg.beatchain.com      |[0m  Version: 1.4.7
[36mpeer0.appdevorg.beatchain.com      |[0m  Commit SHA: 9461ba23e
[36mpeer0.appdevorg.beatchain.com      |[0m  Go version: go1.12.12
[36mpeer0.appdevorg.beatchain.com      |[0m  OS/Arch: linux/amd64
[36mpeer0.appdevorg.beatchain.com      |[0m  Chaincode:
[36mpeer0.appdevorg.beatchain.com      |[0m   Base Image Version: 0.4.18
[36mpeer0.appdevorg.beatchain.com      |[0m   Base Docker Namespace: hyperledger
[36mpeer0.appdevorg.beatchain.com      |[0m   Base Docker Label: org.hyperledger.fabric
[36mpeer0.appdevorg.beatchain.com      |[0m   Docker Namespace: hyperledger
[36mpeer0.appdevorg.beatchain.com      |[0m [34m2020-04-09 03:04:33.820 UTC [ledgermgmt] initialize -> INFO 003[0m Initializing ledger mgmt
[36mpeer0.appdevorg.beatchain.com      |[0m [34m2020-04-09 03:04:33.820 UTC [kvledger] NewProvider -> INFO 004[0m Initializing ledger provider
[36mpeer0.appdevorg.beatchain.com      |[0m [34m2020-04-09 03:04:34.251 UTC [kvledger] NewProvider -> INFO 005[0m ledger provider Initialized
[36mpeer0.appdevorg.beatchain.com      |[0m [34m2020-04-09 03:04:35.067 UTC [ledgermgmt] initialize -> INFO 006[0m ledger mgmt initialized
[36mpeer0.appdevorg.beatchain.com      |[0m [34m2020-04-09 03:04:35.067 UTC [peer] func1 -> INFO 007[0m Auto-detected peer address: 172.18.0.4:7051
[36mpeer0.appdevorg.beatchain.com      |[0m [34m2020-04-09 03:04:35.075 UTC [peer] func1 -> INFO 008[0m Returning peer0.appdevorg.beatchain.com:7051
[36mpeer0.appdevorg.beatchain.com      |[0m [34m2020-04-09 03:04:35.075 UTC [peer] func1 -> INFO 009[0m Auto-detected peer address: 172.18.0.4:7051
[36mpeer0.appdevorg.beatchain.com      |[0m [34m2020-04-09 03:04:35.075 UTC [peer] func1 -> INFO 00a[0m Returning peer0.appdevorg.beatchain.com:7051
[36mpeer0.appdevorg.beatchain.com      |[0m [34m2020-04-09 03:04:35.095 UTC [nodeCmd] serve -> INFO 00b[0m Starting peer with TLS enabled
[36mpeer0.appdevorg.beatchain.com      |[0m [34m2020-04-09 03:04:35.098 UTC [nodeCmd] computeChaincodeEndpoint -> INFO 00c[0m Entering computeChaincodeEndpoint with peerHostname: peer0.appdevorg.beatchain.com
[36mpeer0.appdevorg.beatchain.com      |[0m [34m2020-04-09 03:04:35.098 UTC [nodeCmd] computeChaincodeEndpoint -> INFO 00d[0m Exit with ccEndpoint: peer0.appdevorg.beatchain.com:7052
[36mpeer0.appdevorg.beatchain.com      |[0m [33m2020-04-09 03:04:35.105 UTC [nodeCmd] createChaincodeServer -> WARN 00e[0m peer.chaincodeListenAddress is not set, using peer0.appdevorg.beatchain.com:7052
[36mpeer0.appdevorg.beatchain.com      |[0m [34m2020-04-09 03:04:35.135 UTC [sccapi] registerSysCC -> INFO 00f[0m system chaincode lscc(github.com/hyperledger/fabric/core/scc/lscc) registered
[36mpeer0.appdevorg.beatchain.com      |[0m [34m2020-04-09 03:04:35.135 UTC [sccapi] registerSysCC -> INFO 010[0m system chaincode cscc(github.com/hyperledger/fabric/core/scc/cscc) registered
[36mpeer0.appdevorg.beatchain.com      |[0m [34m2020-04-09 03:04:35.135 UTC [sccapi] registerSysCC -> INFO 011[0m system chaincode qscc(github.com/hyperledger/fabric/core/scc/qscc) registered
[36mpeer0.appdevorg.beatchain.com      |[0m [34m2020-04-09 03:04:35.135 UTC [sccapi] registerSysCC -> INFO 012[0m system chaincode (+lifecycle,github.com/hyperledger/fabric/core/chaincode/lifecycle,true) disabled
[36mpeer0.appdevorg.beatchain.com      |[0m [34m2020-04-09 03:04:35.148 UTC [gossip.service] func1 -> INFO 013[0m Initialize gossip with endpoint peer0.appdevorg.beatchain.com:7051 and bootstrap set [peer0.appdevorg.beatchain.com:7051]
[36mpeer0.appdevorg.beatchain.com      |[0m [34m2020-04-09 03:04:35.196 UTC [gossip.gossip] NewGossipService -> INFO 014[0m Creating gossip service with self membership of Endpoint: peer0.appdevorg.beatchain.com:7051, InternalEndpoint: peer0.appdevorg.beatchain.com:7051, PKI-ID: e18f5b01ec94b297cfcac604dd96039667bcf761bd07796e99fa393dca2a741c, Metadata: 
[36mpeer0.appdevorg.beatchain.com      |[0m [34m2020-04-09 03:04:35.204 UTC [gossip.gossip] start -> INFO 015[0m Gossip instance peer0.appdevorg.beatchain.com:7051 started
[36mpeer0.appdevorg.beatchain.com      |[0m [34m2020-04-09 03:04:35.215 UTC [sccapi] deploySysCC -> INFO 016[0m system chaincode lscc/(github.com/hyperledger/fabric/core/scc/lscc) deployed
[36mpeer0.appdevorg.beatchain.com      |[0m [34m2020-04-09 03:04:35.224 UTC [cscc] Init -> INFO 017[0m Init CSCC
[36mpeer0.appdevorg.beatchain.com      |[0m [34m2020-04-09 03:04:35.224 UTC [sccapi] deploySysCC -> INFO 018[0m system chaincode cscc/(github.com/hyperledger/fabric/core/scc/cscc) deployed
[36mpeer0.appdevorg.beatchain.com      |[0m [34m2020-04-09 03:04:35.225 UTC [qscc] Init -> INFO 019[0m Init QSCC
[36mpeer0.appdevorg.beatchain.com      |[0m [34m2020-04-09 03:04:35.225 UTC [sccapi] deploySysCC -> INFO 01a[0m system chaincode qscc/(github.com/hyperledger/fabric/core/scc/qscc) deployed
[36mpeer0.appdevorg.beatchain.com      |[0m [34m2020-04-09 03:04:35.225 UTC [sccapi] deploySysCC -> INFO 01b[0m system chaincode (+lifecycle,github.com/hyperledger/fabric/core/chaincode/lifecycle) disabled
[36mpeer0.appdevorg.beatchain.com      |[0m [34m2020-04-09 03:04:35.225 UTC [nodeCmd] serve -> INFO 01c[0m Deployed system chaincodes
[36mpeer0.appdevorg.beatchain.com      |[0m [34m2020-04-09 03:04:35.234 UTC [discovery] NewService -> INFO 01d[0m Created with config TLS: true, authCacheMaxSize: 1000, authCachePurgeRatio: 0.750000
[36mpeer0.appdevorg.beatchain.com      |[0m [34m2020-04-09 03:04:35.234 UTC [nodeCmd] registerDiscoveryService -> INFO 01e[0m Discovery service activated
[36mpeer0.appdevorg.beatchain.com      |[0m [34m2020-04-09 03:04:35.234 UTC [nodeCmd] serve -> INFO 01f[0m Starting peer with ID=[name:"peer0.appdevorg.beatchain.com" ], network ID=[dev], address=[peer0.appdevorg.beatchain.com:7051]
[36mpeer0.appdevorg.beatchain.com      |[0m [34m2020-04-09 03:04:35.235 UTC [nodeCmd] serve -> INFO 020[0m Started peer with ID=[name:"peer0.appdevorg.beatchain.com" ], network ID=[dev], address=[peer0.appdevorg.beatchain.com:7051]
[36mpeer0.appdevorg.beatchain.com      |[0m [34m2020-04-09 03:04:35.235 UTC [nodeCmd] func7 -> INFO 021[0m Starting profiling server with listenAddress = 0.0.0.0:6060
[36mpeer0.appdevorg.beatchain.com      |[0m [34m2020-04-09 03:04:35.235 UTC [kvledger] LoadPreResetHeight -> INFO 022[0m Loading prereset height from path [/var/hyperledger/production/ledgersData/chains]
[36mpeer0.appdevorg.beatchain.com      |[0m [34m2020-04-09 03:04:35.243 UTC [fsblkstorage] LoadPreResetHeight -> INFO 023[0m Loading Pre-reset heights
[36mpeer0.appdevorg.beatchain.com      |[0m [34m2020-04-09 03:04:35.243 UTC [fsblkstorage] preRestHtFiles -> INFO 024[0m Dir [/var/hyperledger/production/ledgersData/chains/chains] missing... exiting
[36mpeer0.appdevorg.beatchain.com      |[0m [34m2020-04-09 03:04:35.243 UTC [fsblkstorage] LoadPreResetHeight -> INFO 025[0m Pre-reset heights loaded
[33mca_peerCreatorOrg                  |[0m 2020/04/09 03:04:33 [DEBUG] Home directory: /etc/hyperledger/fabric-ca-server
[33mca_peerCreatorOrg                  |[0m 2020/04/09 03:04:33 [DEBUG] parent server URL: ''
[33mca_peerCreatorOrg                  |[0m 2020/04/09 03:04:33 [INFO] Created default configuration file at /etc/hyperledger/fabric-ca-server/fabric-ca-server-config.yaml
[32mca_peerCustomerOrg                 |[0m 2020/04/09 03:04:34 [DEBUG] Home directory: /etc/hyperledger/fabric-ca-server
[33mca_peerCreatorOrg                  |[0m 2020/04/09 03:04:34 [INFO] Starting server in home directory: /etc/hyperledger/fabric-ca-server
[33mca_peerCreatorOrg                  |[0m 2020/04/09 03:04:34 [DEBUG] Set log level: 
[33mca_peerCreatorOrg                  |[0m 2020/04/09 03:04:34 [INFO] Server Version: 1.4.7-snapshot-5616f18
[33mca_peerCreatorOrg                  |[0m 2020/04/09 03:04:34 [INFO] Server Levels: &{Identity:2 Affiliation:1 Certificate:1 Credential:1 RAInfo:1 Nonce:1}
[33mca_peerCreatorOrg                  |[0m 2020/04/09 03:04:34 [DEBUG] Making server filenames absolute
[35mca_peerAppDevOrg                   |[0m 2020/04/09 03:04:34 [DEBUG] Home directory: /etc/hyperledger/fabric-ca-server
[33mca_peerCreatorOrg                  |[0m 2020/04/09 03:04:34 [DEBUG] Initializing default CA in directory /etc/hyperledger/fabric-ca-server
[35mca_peerAppDevOrg                   |[0m 2020/04/09 03:04:34 [DEBUG] parent server URL: ''
[35mca_peerAppDevOrg                   |[0m 2020/04/09 03:04:34 [INFO] Created default configuration file at /etc/hyperledger/fabric-ca-server/fabric-ca-server-config.yaml
[31mpeer0.creatororg.beatchain.com     |[0m [33m2020-04-09 03:04:34.919 UTC [main] InitCmd -> WARN 001[0m CORE_LOGGING_LEVEL is no longer supported, please use the FABRIC_LOGGING_SPEC environment variable
[35mca_peerAppDevOrg                   |[0m 2020/04/09 03:04:34 [INFO] Starting server in home directory: /etc/hyperledger/fabric-ca-server
[35mca_peerAppDevOrg                   |[0m 2020/04/09 03:04:34 [DEBUG] Set log level: 
[33mca_peerCreatorOrg                  |[0m 2020/04/09 03:04:34 [DEBUG] Init CA with home /etc/hyperledger/fabric-ca-server and config {Version:1.4.7-snapshot-5616f18 Cfg:{Identities:{PasswordAttempts:10 AllowRemove:false} Affiliations:{AllowRemove:false}} CA:{Name:ca-creatororg Keyfile:/etc/hyperledger/fabric-ca-server-config/9ef05461babc30ceed077f65b83f36c3aa9252ae5da9aa7ea753171ac047050f_sk Certfile:/etc/hyperledger/fabric-ca-server-config/ca.creatororg.beatchain.com-cert.pem Chainfile:ca-chain.pem} Signing:0xc0004a2320 CSR:{CN:fabric-ca-server Names:[{C:US ST:North Carolina L: O:Hyperledger OU:Fabric SerialNumber:}] Hosts:[4d0b0479ff0d localhost] KeyRequest:0xc0004a6660 CA:0xc0004a66e0 SerialNumber:} Registry:{MaxEnrollments:-1 Identities:[{ Name:**** Pass:**** Type:client Affiliation: MaxEnrollments:0 Attrs:map[hf.AffiliationMgr:1 hf.GenCRL:1 hf.IntermediateCA:1 hf.Registrar.Attributes:* hf.Registrar.DelegateRoles:* hf.Registrar.Roles:* hf.Revoker:1]  }]} Affiliations:map[org1:[department1 department2] org2:[department1]] LDAP:{ Enabled:false URL:ldap://****:****@<host>:<port>/<base> UserFilter:(uid=%s) GroupFilter:(memberUid=%s) Attribute:{[uid member] [{ }] map[groups:[{ }]]} TLS:{false [] { }}  } DB:{ Type:sqlite3 Datasource:fabric-ca-server.db TLS:{false [] { }}  } CSP:0xc00037ce60 Client:<nil> Intermediate:{ParentServer:{ URL: CAName:  } TLS:{Enabled:false CertFiles:[] Client:{KeyFile: CertFile:}} Enrollment:{ Name: Secret:**** CAName: AttrReqs:[] Profile: Label: CSR:<nil> Type:x509  }} CRL:{Expiry:24h0m0s} Idemix:{IssuerPublicKeyfile: IssuerSecretKeyfile: RevocationPublicKeyfile: RevocationPrivateKeyfile: RHPoolSize:1000 NonceExpiration:15s NonceSweepInterval:15m}}
[35mca_peerAppDevOrg                   |[0m 2020/04/09 03:04:34 [INFO] Server Version: 1.4.7-snapshot-5616f18
[32mca_peerCustomerOrg                 |[0m 2020/04/09 03:04:34 [DEBUG] parent server URL: ''
[31mpeer0.creatororg.beatchain.com     |[0m [34m2020-04-09 03:04:34.941 UTC [nodeCmd] serve -> INFO 002[0m Starting peer:
[31mpeer0.creatororg.beatchain.com     |[0m  Version: 1.4.7
[34morderer.beatchain.com              |[0m [34m2020-04-09 03:04:35.429 UTC [localconfig] completeInitialization -> INFO 001[0m Kafka.Version unset, setting to 0.10.2.0
[35mca_peerAppDevOrg                   |[0m 2020/04/09 03:04:34 [INFO] Server Levels: &{Identity:2 Affiliation:1 Certificate:1 Credential:1 RAInfo:1 Nonce:1}
[35mca_peerAppDevOrg                   |[0m 2020/04/09 03:04:34 [DEBUG] Making server filenames absolute
[35mca_peerAppDevOrg                   |[0m 2020/04/09 03:04:34 [DEBUG] Initializing default CA in directory /etc/hyperledger/fabric-ca-server
[33mca_peerCreatorOrg                  |[0m 2020/04/09 03:04:34 [DEBUG] CA Home Directory: /etc/hyperledger/fabric-ca-server
[33mca_peerCreatorOrg                  |[0m 2020/04/09 03:04:34 [DEBUG] Checking configuration file version '1.4.7-snapshot-5616f18' against server version: '1.4.7-snapshot-5616f18'
[32mca_peerCustomerOrg                 |[0m 2020/04/09 03:04:34 [INFO] Created default configuration file at /etc/hyperledger/fabric-ca-server/fabric-ca-server-config.yaml
[35mca_peerAppDevOrg                   |[0m 2020/04/09 03:04:34 [DEBUG] Init CA with home /etc/hyperledger/fabric-ca-server and config {Version:1.4.7-snapshot-5616f18 Cfg:{Identities:{PasswordAttempts:10 AllowRemove:false} Affiliations:{AllowRemove:false}} CA:{Name:ca-appdevorg Keyfile:/etc/hyperledger/fabric-ca-server-config/7f7b60ed5bd5991796f0b7b738ac657cb46d46228ee3db1d7d85dc632dd0ffed_sk Certfile:/etc/hyperledger/fabric-ca-server-config/ca.appdevorg.beatchain.com-cert.pem Chainfile:ca-chain.pem} Signing:0xc0004361f0 CSR:{CN:fabric-ca-server Names:[{C:US ST:North Carolina L: O:Hyperledger OU:Fabric SerialNumber:}] Hosts:[15186b0dfc24 localhost] KeyRequest:0xc00032fba0 CA:0xc00032fc20 SerialNumber:} Registry:{MaxEnrollments:-1 Identities:[{ Name:**** Pass:**** Type:client Affiliation: MaxEnrollments:0 Attrs:map[hf.AffiliationMgr:1 hf.GenCRL:1 hf.IntermediateCA:1 hf.Registrar.Attributes:* hf.Registrar.DelegateRoles:* hf.Registrar.Roles:* hf.Revoker:1]  }]} Affiliations:map[org1:[department1 department2] org2:[department1]] LDAP:{ Enabled:false URL:ldap://****:****@<host>:<port>/<base> UserFilter:(uid=%s) GroupFilter:(memberUid=%s) Attribute:{[uid member] [{ }] map[groups:[{ }]]} TLS:{false [] { }}  } DB:{ Type:sqlite3 Datasource:fabric-ca-server.db TLS:{false [] { }}  } CSP:0xc00032e9e0 Client:<nil> Intermediate:{ParentServer:{ URL: CAName:  } TLS:{Enabled:false CertFiles:[] Client:{KeyFile: CertFile:}} Enrollment:{ Name: Secret:**** CAName: AttrReqs:[] Profile: Label: CSR:<nil> Type:x509  }} CRL:{Expiry:24h0m0s} Idemix:{IssuerPublicKeyfile: IssuerSecretKeyfile: RevocationPublicKeyfile: RevocationPrivateKeyfile: RHPoolSize:1000 NonceExpiration:15s NonceSweepInterval:15m}}
[35mca_peerAppDevOrg                   |[0m 2020/04/09 03:04:34 [DEBUG] CA Home Directory: /etc/hyperledger/fabric-ca-server
[35mca_peerAppDevOrg                   |[0m 2020/04/09 03:04:34 [DEBUG] Checking configuration file version '1.4.7-snapshot-5616f18' against server version: '1.4.7-snapshot-5616f18'
[35mca_peerAppDevOrg                   |[0m 2020/04/09 03:04:34 [DEBUG] Initializing BCCSP: &{ProviderName:SW SwOpts:0xc00040e0c0 PluginOpts:<nil>}
[35mca_peerAppDevOrg                   |[0m 2020/04/09 03:04:34 [DEBUG] Initializing BCCSP with software options &{SecLevel:256 HashFamily:SHA2 Ephemeral:false FileKeystore:0xc00042dcc0 DummyKeystore:<nil> InmemKeystore:<nil>}
[31mpeer0.creatororg.beatchain.com     |[0m  Commit SHA: 9461ba23e
[32mca_peerCustomerOrg                 |[0m 2020/04/09 03:04:34 [INFO] Starting server in home directory: /etc/hyperledger/fabric-ca-server
[32mca_peerCustomerOrg                 |[0m 2020/04/09 03:04:34 [DEBUG] Set log level: 
[32mca_peerCustomerOrg                 |[0m 2020/04/09 03:04:34 [INFO] Server Version: 1.4.7-snapshot-5616f18
[32mca_peerCustomerOrg                 |[0m 2020/04/09 03:04:34 [INFO] Server Levels: &{Identity:2 Affiliation:1 Certificate:1 Credential:1 RAInfo:1 Nonce:1}
[32mca_peerCustomerOrg                 |[0m 2020/04/09 03:04:34 [DEBUG] Making server filenames absolute
[35mca_peerAppDevOrg                   |[0m 2020/04/09 03:04:34 [DEBUG] Initialize key material
[35mca_peerAppDevOrg                   |[0m 2020/04/09 03:04:34 [DEBUG] Making CA filenames absolute
[35mca_peerAppDevOrg                   |[0m 2020/04/09 03:04:34 [INFO] The CA key and certificate files already exist
[35mca_peerAppDevOrg                   |[0m 2020/04/09 03:04:34 [INFO] Key file location: /etc/hyperledger/fabric-ca-server-config/7f7b60ed5bd5991796f0b7b738ac657cb46d46228ee3db1d7d85dc632dd0ffed_sk
[35mca_peerAppDevOrg                   |[0m 2020/04/09 03:04:34 [INFO] Certificate file location: /etc/hyperledger/fabric-ca-server-config/ca.appdevorg.beatchain.com-cert.pem
[35mca_peerAppDevOrg                   |[0m 2020/04/09 03:04:34 [DEBUG] Validating the CA certificate and key
[35mca_peerAppDevOrg                   |[0m 2020/04/09 03:04:34 [DEBUG] Check CA certificate for valid dates
[35mca_peerAppDevOrg                   |[0m 2020/04/09 03:04:34 [DEBUG] Check CA certificate for valid usages
[35mca_peerAppDevOrg                   |[0m 2020/04/09 03:04:34 [DEBUG] Check CA certificate for valid IsCA value
[35mca_peerAppDevOrg                   |[0m 2020/04/09 03:04:34 [DEBUG] Check that key type is supported
[35mca_peerAppDevOrg                   |[0m 2020/04/09 03:04:34 [DEBUG] Check that key size is of appropriate length
[35mca_peerAppDevOrg                   |[0m 2020/04/09 03:04:34 [DEBUG] Check that public key and private key match
[35mca_peerAppDevOrg                   |[0m 2020/04/09 03:04:34 [DEBUG] Validation of CA certificate and key successful
[35mca_peerAppDevOrg                   |[0m 2020/04/09 03:04:34 [DEBUG] Loading CN from existing enrollment information
[35mca_peerAppDevOrg                   |[0m 2020/04/09 03:04:34 [DEBUG] Initializing DB
[35mca_peerAppDevOrg                   |[0m 2020/04/09 03:04:34 [DEBUG] Initializing 'sqlite3' database at '/etc/hyperledger/fabric-ca-server/fabric-ca-server.db'
[35mca_peerAppDevOrg                   |[0m 2020/04/09 03:04:34 [DEBUG] Using sqlite database, connect to database in home (/etc/hyperledger/fabric-ca-server/fabric-ca-server.db) directory
[35mca_peerAppDevOrg                   |[0m 2020/04/09 03:04:34 [DEBUG] Creating SQLite database (/etc/hyperledger/fabric-ca-server/fabric-ca-server.db) if it does not exist...
[35mca_peerAppDevOrg                   |[0m 2020/04/09 03:04:34 [DEBUG] Creating users table if it does not exist
[35mca_peerAppDevOrg                   |[0m 2020/04/09 03:04:34 [DEBUG] Creating affiliations table if it does not exist
[35mca_peerAppDevOrg                   |[0m 2020/04/09 03:04:34 [DEBUG] Creating certificates table if it does not exist
[35mca_peerAppDevOrg                   |[0m 2020/04/09 03:04:34 [DEBUG] Creating credentials table if it does not exist
[35mca_peerAppDevOrg                   |[0m 2020/04/09 03:04:34 [DEBUG] Creating revocation_authority_info table if it does not exist
[35mca_peerAppDevOrg                   |[0m 2020/04/09 03:04:34 [DEBUG] Creating nonces table if it does not exist
[32mca_peerCustomerOrg                 |[0m 2020/04/09 03:04:34 [DEBUG] Initializing default CA in directory /etc/hyperledger/fabric-ca-server
[32mca_peerCustomerOrg                 |[0m 2020/04/09 03:04:34 [DEBUG] Init CA with home /etc/hyperledger/fabric-ca-server and config {Version:1.4.7-snapshot-5616f18 Cfg:{Identities:{PasswordAttempts:10 AllowRemove:false} Affiliations:{AllowRemove:false}} CA:{Name:ca-customerorg Keyfile:/etc/hyperledger/fabric-ca-server-config/b86a98524f7a9c212c89be4c8007423ae8dccca70d6a2f06e2f28885790fb761_sk Certfile:/etc/hyperledger/fabric-ca-server-config/ca.customerorg.beatchain.com-cert.pem Chainfile:ca-chain.pem} Signing:0xc0003b25a0 CSR:{CN:fabric-ca-server Names:[{C:US ST:North Carolina L: O:Hyperledger OU:Fabric SerialNumber:}] Hosts:[f3950cd25236 localhost] KeyRequest:0xc0003b8440 CA:0xc0003b84c0 SerialNumber:} Registry:{MaxEnrollments:-1 Identities:[{ Name:**** Pass:**** Type:client Affiliation: MaxEnrollments:0 Attrs:map[hf.AffiliationMgr:1 hf.GenCRL:1 hf.IntermediateCA:1 hf.Registrar.Attributes:* hf.Registrar.DelegateRoles:* hf.Registrar.Roles:* hf.Revoker:1]  }]} Affiliations:map[org1:[department1 department2] org2:[department1]] LDAP:{ Enabled:false URL:ldap://****:****@<host>:<port>/<base> UserFilter:(uid=%s) GroupFilter:(memberUid=%s) Attribute:{[uid member] [{ }] map[groups:[{ }]]} TLS:{false [] { }}  } DB:{ Type:sqlite3 Datasource:fabric-ca-server.db TLS:{false [] { }}  } CSP:0xc0003b8820 Client:<nil> Intermediate:{ParentServer:{ URL: CAName:  } TLS:{Enabled:false CertFiles:[] Client:{KeyFile: CertFile:}} Enrollment:{ Name: Secret:**** CAName: AttrReqs:[] Profile: Label: CSR:<nil> Type:x509  }} CRL:{Expiry:24h0m0s} Idemix:{IssuerPublicKeyfile: IssuerSecretKeyfile: RevocationPublicKeyfile: RevocationPrivateKeyfile: RHPoolSize:1000 NonceExpiration:15s NonceSweepInterval:15m}}
[32mca_peerCustomerOrg                 |[0m 2020/04/09 03:04:34 [DEBUG] CA Home Directory: /etc/hyperledger/fabric-ca-server
[32mca_peerCustomerOrg                 |[0m 2020/04/09 03:04:34 [DEBUG] Checking configuration file version '1.4.7-snapshot-5616f18' against server version: '1.4.7-snapshot-5616f18'
[32mca_peerCustomerOrg                 |[0m 2020/04/09 03:04:34 [DEBUG] Initializing BCCSP: &{ProviderName:SW SwOpts:0xc0003a2180 PluginOpts:<nil>}
[32mca_peerCustomerOrg                 |[0m 2020/04/09 03:04:34 [DEBUG] Initializing BCCSP with software options &{SecLevel:256 HashFamily:SHA2 Ephemeral:false FileKeystore:0xc0003baf90 DummyKeystore:<nil> InmemKeystore:<nil>}
[32mca_peerCustomerOrg                 |[0m 2020/04/09 03:04:34 [DEBUG] Initialize key material
[32mca_peerCustomerOrg                 |[0m 2020/04/09 03:04:34 [DEBUG] Making CA filenames absolute
[35mca_peerAppDevOrg                   |[0m 2020/04/09 03:04:34 [DEBUG] Creating properties table if it does not exist
[35mca_peerAppDevOrg                   |[0m 2020/04/09 03:04:34 [DEBUG] Successfully opened sqlite3 DB
[35mca_peerAppDevOrg                   |[0m 2020/04/09 03:04:34 [DEBUG] Initializing identity registry
[35mca_peerAppDevOrg                   |[0m 2020/04/09 03:04:34 [DEBUG] Initialized DB identity registry
[32mca_peerCustomerOrg                 |[0m 2020/04/09 03:04:34 [INFO] The CA key and certificate files already exist
[32mca_peerCustomerOrg                 |[0m 2020/04/09 03:04:34 [INFO] Key file location: /etc/hyperledger/fabric-ca-server-config/b86a98524f7a9c212c89be4c8007423ae8dccca70d6a2f06e2f28885790fb761_sk
[32mca_peerCustomerOrg                 |[0m 2020/04/09 03:04:34 [INFO] Certificate file location: /etc/hyperledger/fabric-ca-server-config/ca.customerorg.beatchain.com-cert.pem
[32mca_peerCustomerOrg                 |[0m 2020/04/09 03:04:34 [DEBUG] Validating the CA certificate and key
[32mca_peerCustomerOrg                 |[0m 2020/04/09 03:04:34 [DEBUG] Check CA certificate for valid dates
[32mca_peerCustomerOrg                 |[0m 2020/04/09 03:04:34 [DEBUG] Check CA certificate for valid usages
[32mca_peerCustomerOrg                 |[0m 2020/04/09 03:04:34 [DEBUG] Check CA certificate for valid IsCA value
[32mca_peerCustomerOrg                 |[0m 2020/04/09 03:04:34 [DEBUG] Check that key type is supported
[32mca_peerCustomerOrg                 |[0m 2020/04/09 03:04:34 [DEBUG] Check that key size is of appropriate length
[32mca_peerCustomerOrg                 |[0m 2020/04/09 03:04:34 [DEBUG] Check that public key and private key match
[35mca_peerAppDevOrg                   |[0m 2020/04/09 03:04:34 [DEBUG] Checking database levels '&{Identity:0 Affiliation:0 Certificate:0 Credential:0 RAInfo:0 Nonce:0}' against server levels '&{Identity:2 Affiliation:1 Certificate:1 Credential:1 RAInfo:1 Nonce:1}'
[35mca_peerAppDevOrg                   |[0m 2020/04/09 03:04:34 [DEBUG] Migrating users table...
[35mca_peerAppDevOrg                   |[0m 2020/04/09 03:04:34 [DEBUG] Upgrade identity table to level 1
[35mca_peerAppDevOrg                   |[0m 2020/04/09 03:04:34 [DEBUG] Creating users table if it does not exist
[35mca_peerAppDevOrg                   |[0m 2020/04/09 03:04:34 [DEBUG] Upgrade identity table to level 2
[35mca_peerAppDevOrg                   |[0m 2020/04/09 03:04:34 [DEBUG] Creating users table if it does not exist
[32mca_peerCustomerOrg                 |[0m 2020/04/09 03:04:34 [DEBUG] Validation of CA certificate and key successful
[35mca_peerAppDevOrg                   |[0m 2020/04/09 03:04:34 [DEBUG] Migrating affiliation table...
[33mca_peerCreatorOrg                  |[0m 2020/04/09 03:04:34 [DEBUG] Initializing BCCSP: &{ProviderName:SW SwOpts:0xc000494180 PluginOpts:<nil>}
[34morderer.beatchain.com              |[0m [34m2020-04-09 03:04:35.477 UTC [orderer.common.server] prettyPrintStruct -> INFO 002[0m Orderer config values:
[31mpeer0.creatororg.beatchain.com     |[0m  Go version: go1.12.12
[31mpeer0.creatororg.beatchain.com     |[0m  OS/Arch: linux/amd64
[31mpeer0.creatororg.beatchain.com     |[0m  Chaincode:
[31mpeer0.creatororg.beatchain.com     |[0m   Base Image Version: 0.4.18
[31mpeer0.creatororg.beatchain.com     |[0m   Base Docker Namespace: hyperledger
[31mpeer0.creatororg.beatchain.com     |[0m   Base Docker Label: org.hyperledger.fabric
[31mpeer0.creatororg.beatchain.com     |[0m   Docker Namespace: hyperledger
[31mpeer0.creatororg.beatchain.com     |[0m [34m2020-04-09 03:04:34.942 UTC [ledgermgmt] initialize -> INFO 003[0m Initializing ledger mgmt
[34morderer.beatchain.com              |[0m 	General.LedgerType = "file"
[32mca_peerCustomerOrg                 |[0m 2020/04/09 03:04:34 [DEBUG] Loading CN from existing enrollment information
[31mpeer0.creatororg.beatchain.com     |[0m [34m2020-04-09 03:04:34.942 UTC [kvledger] NewProvider -> INFO 004[0m Initializing ledger provider
[34morderer.beatchain.com              |[0m 	General.ListenAddress = "0.0.0.0"
[33mca_peerCreatorOrg                  |[0m 2020/04/09 03:04:34 [DEBUG] Initializing BCCSP with software options &{SecLevel:256 HashFamily:SHA2 Ephemeral:false FileKeystore:0xc0004a21b0 DummyKeystore:<nil> InmemKeystore:<nil>}
[33mca_peerCreatorOrg                  |[0m 2020/04/09 03:04:34 [DEBUG] Initialize key material
[32mca_peerCustomerOrg                 |[0m 2020/04/09 03:04:34 [DEBUG] Initializing DB
[32mca_peerCustomerOrg                 |[0m 2020/04/09 03:04:34 [DEBUG] Initializing 'sqlite3' database at '/etc/hyperledger/fabric-ca-server/fabric-ca-server.db'
[31mpeer0.creatororg.beatchain.com     |[0m [34m2020-04-09 03:04:35.410 UTC [kvledger] NewProvider -> INFO 005[0m ledger provider Initialized
[33mca_peerCreatorOrg                  |[0m 2020/04/09 03:04:34 [DEBUG] Making CA filenames absolute
[35mca_peerAppDevOrg                   |[0m 2020/04/09 03:04:34 [DEBUG] Upgrade affiliations table to level 1
[34morderer.beatchain.com              |[0m 	General.ListenPort = 7050
[33mca_peerCreatorOrg                  |[0m 2020/04/09 03:04:34 [INFO] The CA key and certificate files already exist
[32mca_peerCustomerOrg                 |[0m 2020/04/09 03:04:34 [DEBUG] Using sqlite database, connect to database in home (/etc/hyperledger/fabric-ca-server/fabric-ca-server.db) directory
[35mca_peerAppDevOrg                   |[0m 2020/04/09 03:04:34 [DEBUG] Creating affiliations table if it does not exist
[31mpeer0.creatororg.beatchain.com     |[0m [34m2020-04-09 03:04:36.101 UTC [ledgermgmt] initialize -> INFO 006[0m ledger mgmt initialized
[31mpeer0.creatororg.beatchain.com     |[0m [34m2020-04-09 03:04:36.101 UTC [peer] func1 -> INFO 007[0m Auto-detected peer address: 172.18.0.7:7051
[34morderer.beatchain.com              |[0m 	General.TLS.Enabled = true
[32mca_peerCustomerOrg                 |[0m 2020/04/09 03:04:34 [DEBUG] Creating SQLite database (/etc/hyperledger/fabric-ca-server/fabric-ca-server.db) if it does not exist...
[31mpeer0.creatororg.beatchain.com     |[0m [34m2020-04-09 03:04:36.102 UTC [peer] func1 -> INFO 008[0m Returning peer0.creatororg.beatchain.com:7051
[31mpeer0.creatororg.beatchain.com     |[0m [34m2020-04-09 03:04:36.102 UTC [peer] func1 -> INFO 009[0m Auto-detected peer address: 172.18.0.7:7051
[31mpeer0.creatororg.beatchain.com     |[0m [34m2020-04-09 03:04:36.102 UTC [peer] func1 -> INFO 00a[0m Returning peer0.creatororg.beatchain.com:7051
[32mca_peerCustomerOrg                 |[0m 2020/04/09 03:04:34 [DEBUG] Creating users table if it does not exist
[33mca_peerCreatorOrg                  |[0m 2020/04/09 03:04:34 [INFO] Key file location: /etc/hyperledger/fabric-ca-server-config/9ef05461babc30ceed077f65b83f36c3aa9252ae5da9aa7ea753171ac047050f_sk
[35mca_peerAppDevOrg                   |[0m 2020/04/09 03:04:34 [DEBUG] Upgrade certificates table...
[32mca_peerCustomerOrg                 |[0m 2020/04/09 03:04:34 [DEBUG] Creating affiliations table if it does not exist
[32mca_peerCustomerOrg                 |[0m 2020/04/09 03:04:34 [DEBUG] Creating certificates table if it does not exist
[32mca_peerCustomerOrg                 |[0m 2020/04/09 03:04:34 [DEBUG] Creating credentials table if it does not exist
[32mca_peerCustomerOrg                 |[0m 2020/04/09 03:04:34 [DEBUG] Creating revocation_authority_info table if it does not exist
[33mca_peerCreatorOrg                  |[0m 2020/04/09 03:04:34 [INFO] Certificate file location: /etc/hyperledger/fabric-ca-server-config/ca.creatororg.beatchain.com-cert.pem
[33mca_peerCreatorOrg                  |[0m 2020/04/09 03:04:34 [DEBUG] Validating the CA certificate and key
[32mca_peerCustomerOrg                 |[0m 2020/04/09 03:04:34 [DEBUG] Creating nonces table if it does not exist
[36;1mpeer0.customerorg.beatchain.com    |[0m [33m2020-04-09 03:04:36.200 UTC [main] InitCmd -> WARN 001[0m CORE_LOGGING_LEVEL is no longer supported, please use the FABRIC_LOGGING_SPEC environment variable
[31mpeer0.creatororg.beatchain.com     |[0m [34m2020-04-09 03:04:36.104 UTC [nodeCmd] serve -> INFO 00b[0m Starting peer with TLS enabled
[35mca_peerAppDevOrg                   |[0m 2020/04/09 03:04:34 [DEBUG] Upgrade certificates table to level 1
[33mca_peerCreatorOrg                  |[0m 2020/04/09 03:04:34 [DEBUG] Check CA certificate for valid dates
[32mca_peerCustomerOrg                 |[0m 2020/04/09 03:04:34 [DEBUG] Creating properties table if it does not exist
[34morderer.beatchain.com              |[0m 	General.TLS.PrivateKey = "/var/hyperledger/orderer/tls/server.key"
[35mca_peerAppDevOrg                   |[0m 2020/04/09 03:04:34 [DEBUG] Creating certificates table if it does not exist
[33mca_peerCreatorOrg                  |[0m 2020/04/09 03:04:34 [DEBUG] Check CA certificate for valid usages
[33mca_peerCreatorOrg                  |[0m 2020/04/09 03:04:34 [DEBUG] Check CA certificate for valid IsCA value
[33mca_peerCreatorOrg                  |[0m 2020/04/09 03:04:34 [DEBUG] Check that key type is supported
[33mca_peerCreatorOrg                  |[0m 2020/04/09 03:04:34 [DEBUG] Check that key size is of appropriate length
[35mca_peerAppDevOrg                   |[0m 2020/04/09 03:04:34 [DEBUG] Migrating credentials table...
[33mca_peerCreatorOrg                  |[0m 2020/04/09 03:04:34 [DEBUG] Check that public key and private key match
[33mca_peerCreatorOrg                  |[0m 2020/04/09 03:04:34 [DEBUG] Validation of CA certificate and key successful
[33mca_peerCreatorOrg                  |[0m 2020/04/09 03:04:34 [DEBUG] Loading CN from existing enrollment information
[33mca_peerCreatorOrg                  |[0m 2020/04/09 03:04:34 [DEBUG] Initializing DB
[35mca_peerAppDevOrg                   |[0m 2020/04/09 03:04:34 [DEBUG] Migrating nonces table...
[32mca_peerCustomerOrg                 |[0m 2020/04/09 03:04:34 [DEBUG] Successfully opened sqlite3 DB
[32mca_peerCustomerOrg                 |[0m 2020/04/09 03:04:34 [DEBUG] Initializing identity registry
[34morderer.beatchain.com              |[0m 	General.TLS.Certificate = "/var/hyperledger/orderer/tls/server.crt"
[33mca_peerCreatorOrg                  |[0m 2020/04/09 03:04:34 [DEBUG] Initializing 'sqlite3' database at '/etc/hyperledger/fabric-ca-server/fabric-ca-server.db'
[35mca_peerAppDevOrg                   |[0m 2020/04/09 03:04:34 [DEBUG] Migrating revocation_authority_info table...
[31mpeer0.creatororg.beatchain.com     |[0m [34m2020-04-09 03:04:36.105 UTC [nodeCmd] computeChaincodeEndpoint -> INFO 00c[0m Entering computeChaincodeEndpoint with peerHostname: peer0.creatororg.beatchain.com
[32mca_peerCustomerOrg                 |[0m 2020/04/09 03:04:34 [DEBUG] Initialized DB identity registry
[32mca_peerCustomerOrg                 |[0m 2020/04/09 03:04:34 [DEBUG] Checking database levels '&{Identity:0 Affiliation:0 Certificate:0 Credential:0 RAInfo:0 Nonce:0}' against server levels '&{Identity:2 Affiliation:1 Certificate:1 Credential:1 RAInfo:1 Nonce:1}'
[33mca_peerCreatorOrg                  |[0m 2020/04/09 03:04:34 [DEBUG] Using sqlite database, connect to database in home (/etc/hyperledger/fabric-ca-server/fabric-ca-server.db) directory
[33mca_peerCreatorOrg                  |[0m 2020/04/09 03:04:34 [DEBUG] Creating SQLite database (/etc/hyperledger/fabric-ca-server/fabric-ca-server.db) if it does not exist...
[33mca_peerCreatorOrg                  |[0m 2020/04/09 03:04:34 [DEBUG] Creating users table if it does not exist
[31mpeer0.creatororg.beatchain.com     |[0m [34m2020-04-09 03:04:36.113 UTC [nodeCmd] computeChaincodeEndpoint -> INFO 00d[0m Exit with ccEndpoint: peer0.creatororg.beatchain.com:7052
[32mca_peerCustomerOrg                 |[0m 2020/04/09 03:04:34 [DEBUG] Migrating users table...
[35mca_peerAppDevOrg                   |[0m 2020/04/09 03:04:34 [DEBUG] Loading identity table
[35mca_peerAppDevOrg                   |[0m 2020/04/09 03:04:34 [DEBUG] Loading identity 'admin'
[34morderer.beatchain.com              |[0m 	General.TLS.RootCAs = [/var/hyperledger/orderer/tls/ca.crt]
[33mca_peerCreatorOrg                  |[0m 2020/04/09 03:04:34 [DEBUG] Creating affiliations table if it does not exist
[32mca_peerCustomerOrg                 |[0m 2020/04/09 03:04:34 [DEBUG] Upgrade identity table to level 1
[34morderer.beatchain.com              |[0m 	General.TLS.ClientAuthRequired = false
[33mca_peerCreatorOrg                  |[0m 2020/04/09 03:04:34 [DEBUG] Creating certificates table if it does not exist
[33mca_peerCreatorOrg                  |[0m 2020/04/09 03:04:34 [DEBUG] Creating credentials table if it does not exist
[32mca_peerCustomerOrg                 |[0m 2020/04/09 03:04:34 [DEBUG] Creating users table if it does not exist
[34morderer.beatchain.com              |[0m 	General.TLS.ClientRootCAs = []
[34morderer.beatchain.com              |[0m 	General.Cluster.ListenAddress = ""
[31mpeer0.creatororg.beatchain.com     |[0m [33m2020-04-09 03:04:36.113 UTC [nodeCmd] createChaincodeServer -> WARN 00e[0m peer.chaincodeListenAddress is not set, using peer0.creatororg.beatchain.com:7052
[33mca_peerCreatorOrg                  |[0m 2020/04/09 03:04:34 [DEBUG] Creating revocation_authority_info table if it does not exist
[35mca_peerAppDevOrg                   |[0m 2020/04/09 03:04:34 [DEBUG] DB: Getting identity admin
[34morderer.beatchain.com              |[0m 	General.Cluster.ListenPort = 0
[32mca_peerCustomerOrg                 |[0m 2020/04/09 03:04:34 [DEBUG] Upgrade identity table to level 2
[33mca_peerCreatorOrg                  |[0m 2020/04/09 03:04:34 [DEBUG] Creating nonces table if it does not exist
[31mpeer0.creatororg.beatchain.com     |[0m [34m2020-04-09 03:04:36.126 UTC [sccapi] registerSysCC -> INFO 00f[0m system chaincode lscc(github.com/hyperledger/fabric/core/scc/lscc) registered
[34morderer.beatchain.com              |[0m 	General.Cluster.ServerCertificate = ""
[34morderer.beatchain.com              |[0m 	General.Cluster.ServerPrivateKey = ""
[35mca_peerAppDevOrg                   |[0m 2020/04/09 03:04:34 [DEBUG] Max enrollment value verification - User specified max enrollment: 0, CA max enrollment: -1
[33mca_peerCreatorOrg                  |[0m 2020/04/09 03:04:34 [DEBUG] Creating properties table if it does not exist
[32mca_peerCustomerOrg                 |[0m 2020/04/09 03:04:34 [DEBUG] Creating users table if it does not exist
[34morderer.beatchain.com              |[0m 	General.Cluster.ClientCertificate = ""
[35mca_peerAppDevOrg                   |[0m 2020/04/09 03:04:34 [DEBUG] DB: Add identity admin
[32mca_peerCustomerOrg                 |[0m 2020/04/09 03:04:34 [DEBUG] Migrating affiliation table...
[31mpeer0.creatororg.beatchain.com     |[0m [34m2020-04-09 03:04:36.126 UTC [sccapi] registerSysCC -> INFO 010[0m system chaincode cscc(github.com/hyperledger/fabric/core/scc/cscc) registered
[34morderer.beatchain.com              |[0m 	General.Cluster.ClientPrivateKey = ""
[32mca_peerCustomerOrg                 |[0m 2020/04/09 03:04:34 [DEBUG] Upgrade affiliations table to level 1
[35mca_peerAppDevOrg                   |[0m 2020/04/09 03:04:35 [DEBUG] Successfully added identity admin to the database
[31mpeer0.creatororg.beatchain.com     |[0m [34m2020-04-09 03:04:36.126 UTC [sccapi] registerSysCC -> INFO 011[0m system chaincode qscc(github.com/hyperledger/fabric/core/scc/qscc) registered
[33mca_peerCreatorOrg                  |[0m 2020/04/09 03:04:34 [DEBUG] Successfully opened sqlite3 DB
[33mca_peerCreatorOrg                  |[0m 2020/04/09 03:04:34 [DEBUG] Initializing identity registry
[33mca_peerCreatorOrg                  |[0m 2020/04/09 03:04:34 [DEBUG] Initialized DB identity registry
[32mca_peerCustomerOrg                 |[0m 2020/04/09 03:04:34 [DEBUG] Creating affiliations table if it does not exist
[34morderer.beatchain.com              |[0m 	General.Cluster.RootCAs = []
[35mca_peerAppDevOrg                   |[0m 2020/04/09 03:04:35 [DEBUG] Registered identity: { Name:**** Pass:**** Type:client Affiliation: MaxEnrollments:-1 Attrs:map[hf.AffiliationMgr:1 hf.GenCRL:1 hf.IntermediateCA:1 hf.Registrar.Attributes:* hf.Registrar.DelegateRoles:* hf.Registrar.Roles:* hf.Revoker:1]  }
[31mpeer0.creatororg.beatchain.com     |[0m [34m2020-04-09 03:04:36.126 UTC [sccapi] registerSysCC -> INFO 012[0m system chaincode (+lifecycle,github.com/hyperledger/fabric/core/chaincode/lifecycle,true) disabled
[34morderer.beatchain.com              |[0m 	General.Cluster.DialTimeout = 5s
[32mca_peerCustomerOrg                 |[0m 2020/04/09 03:04:34 [DEBUG] Upgrade certificates table...
[35mca_peerAppDevOrg                   |[0m 2020/04/09 03:04:35 [DEBUG] Successfully loaded identity table
[31mpeer0.creatororg.beatchain.com     |[0m [34m2020-04-09 03:04:36.144 UTC [gossip.service] func1 -> INFO 013[0m Initialize gossip with endpoint peer0.creatororg.beatchain.com:7051 and bootstrap set [peer0.creatororg.beatchain.com:7051]
[31mpeer0.creatororg.beatchain.com     |[0m [34m2020-04-09 03:04:36.157 UTC [gossip.gossip] NewGossipService -> INFO 014[0m Creating gossip service with self membership of Endpoint: peer0.creatororg.beatchain.com:7051, InternalEndpoint: peer0.creatororg.beatchain.com:7051, PKI-ID: f66778addf7d7ac5a1e11ec9146f31b21e76c4641e83b5a97700be9460b32a26, Metadata: 
[31mpeer0.creatororg.beatchain.com     |[0m [34m2020-04-09 03:04:36.164 UTC [gossip.gossip] start -> INFO 015[0m Gossip instance peer0.creatororg.beatchain.com:7051 started
[34morderer.beatchain.com              |[0m 	General.Cluster.RPCTimeout = 7s
[35mca_peerAppDevOrg                   |[0m 2020/04/09 03:04:35 [DEBUG] Loading affiliations table
[31mpeer0.creatororg.beatchain.com     |[0m [34m2020-04-09 03:04:36.165 UTC [sccapi] deploySysCC -> INFO 016[0m system chaincode lscc/(github.com/hyperledger/fabric/core/scc/lscc) deployed
[33mca_peerCreatorOrg                  |[0m 2020/04/09 03:04:34 [DEBUG] Checking database levels '&{Identity:0 Affiliation:0 Certificate:0 Credential:0 RAInfo:0 Nonce:0}' against server levels '&{Identity:2 Affiliation:1 Certificate:1 Credential:1 RAInfo:1 Nonce:1}'
[32mca_peerCustomerOrg                 |[0m 2020/04/09 03:04:34 [DEBUG] Upgrade certificates table to level 1
[34morderer.beatchain.com              |[0m 	General.Cluster.ReplicationBufferSize = 20971520
[35mca_peerAppDevOrg                   |[0m 2020/04/09 03:04:35 [DEBUG] DB: Add affiliation org2
[35mca_peerAppDevOrg                   |[0m 2020/04/09 03:04:35 [DEBUG] Affiliation 'org2' added
[33mca_peerCreatorOrg                  |[0m 2020/04/09 03:04:34 [DEBUG] Migrating users table...
[32mca_peerCustomerOrg                 |[0m 2020/04/09 03:04:34 [DEBUG] Creating certificates table if it does not exist
[34morderer.beatchain.com              |[0m 	General.Cluster.ReplicationPullTimeout = 5s
[33mca_peerCreatorOrg                  |[0m 2020/04/09 03:04:34 [DEBUG] Upgrade identity table to level 1
[31mpeer0.creatororg.beatchain.com     |[0m [34m2020-04-09 03:04:36.165 UTC [cscc] Init -> INFO 017[0m Init CSCC
[31mpeer0.creatororg.beatchain.com     |[0m [34m2020-04-09 03:04:36.165 UTC [sccapi] deploySysCC -> INFO 018[0m system chaincode cscc/(github.com/hyperledger/fabric/core/scc/cscc) deployed
[31mpeer0.creatororg.beatchain.com     |[0m [34m2020-04-09 03:04:36.166 UTC [qscc] Init -> INFO 019[0m Init QSCC
[36;1mpeer0.customerorg.beatchain.com    |[0m [34m2020-04-09 03:04:36.230 UTC [nodeCmd] serve -> INFO 002[0m Starting peer:
[34morderer.beatchain.com              |[0m 	General.Cluster.ReplicationRetryTimeout = 5s
[36;1mpeer0.customerorg.beatchain.com    |[0m  Version: 1.4.7
[33mca_peerCreatorOrg                  |[0m 2020/04/09 03:04:34 [DEBUG] Creating users table if it does not exist
[33mca_peerCreatorOrg                  |[0m 2020/04/09 03:04:34 [DEBUG] Upgrade identity table to level 2
[34morderer.beatchain.com              |[0m 	General.Cluster.ReplicationBackgroundRefreshInterval = 5m0s
[34morderer.beatchain.com              |[0m 	General.Cluster.ReplicationMaxRetries = 12
[34morderer.beatchain.com              |[0m 	General.Cluster.SendBufferSize = 10
[36;1mpeer0.customerorg.beatchain.com    |[0m  Commit SHA: 9461ba23e
[36;1mpeer0.customerorg.beatchain.com    |[0m  Go version: go1.12.12
[34morderer.beatchain.com              |[0m 	General.Cluster.CertExpirationWarningThreshold = 168h0m0s
[34morderer.beatchain.com              |[0m 	General.Cluster.TLSHandshakeTimeShift = 0s
[34morderer.beatchain.com              |[0m 	General.Keepalive.ServerMinInterval = 1m0s
[34morderer.beatchain.com              |[0m 	General.Keepalive.ServerInterval = 2h0m0s
[34morderer.beatchain.com              |[0m 	General.Keepalive.ServerTimeout = 20s
[34morderer.beatchain.com              |[0m 	General.ConnectionTimeout = 0s
[34morderer.beatchain.com              |[0m 	General.GenesisMethod = "file"
[36;1mpeer0.customerorg.beatchain.com    |[0m  OS/Arch: linux/amd64
[34morderer.beatchain.com              |[0m 	General.GenesisProfile = "SampleInsecureSolo"
[34morderer.beatchain.com              |[0m 	General.SystemChannel = "test-system-channel-name"
[34morderer.beatchain.com              |[0m 	General.GenesisFile = "/var/hyperledger/orderer/orderer.genesis.block"
[36;1mpeer0.customerorg.beatchain.com    |[0m  Chaincode:
[35mca_peerAppDevOrg                   |[0m 2020/04/09 03:04:35 [DEBUG] DB: Add affiliation org2.department1
[33mca_peerCreatorOrg                  |[0m 2020/04/09 03:04:34 [DEBUG] Creating users table if it does not exist
[34morderer.beatchain.com              |[0m 	General.Profile.Enabled = false
[32mca_peerCustomerOrg                 |[0m 2020/04/09 03:04:34 [DEBUG] Migrating credentials table...
[36;1mpeer0.customerorg.beatchain.com    |[0m   Base Image Version: 0.4.18
[33mca_peerCreatorOrg                  |[0m 2020/04/09 03:04:34 [DEBUG] Migrating affiliation table...
[35mca_peerAppDevOrg                   |[0m 2020/04/09 03:04:35 [DEBUG] Affiliation 'org2.department1' added
[34morderer.beatchain.com              |[0m 	General.Profile.Address = "0.0.0.0:6060"
[31mpeer0.creatororg.beatchain.com     |[0m [34m2020-04-09 03:04:36.166 UTC [sccapi] deploySysCC -> INFO 01a[0m system chaincode qscc/(github.com/hyperledger/fabric/core/scc/qscc) deployed
[32mca_peerCustomerOrg                 |[0m 2020/04/09 03:04:34 [DEBUG] Migrating nonces table...
[36;1mpeer0.customerorg.beatchain.com    |[0m   Base Docker Namespace: hyperledger
[33mca_peerCreatorOrg                  |[0m 2020/04/09 03:04:34 [DEBUG] Upgrade affiliations table to level 1
[35mca_peerAppDevOrg                   |[0m 2020/04/09 03:04:35 [DEBUG] DB: Add affiliation org1
[34morderer.beatchain.com              |[0m 	General.LocalMSPDir = "/var/hyperledger/orderer/msp"
[32mca_peerCustomerOrg                 |[0m 2020/04/09 03:04:34 [DEBUG] Migrating revocation_authority_info table...
[31mpeer0.creatororg.beatchain.com     |[0m [34m2020-04-09 03:04:36.166 UTC [sccapi] deploySysCC -> INFO 01b[0m system chaincode (+lifecycle,github.com/hyperledger/fabric/core/chaincode/lifecycle) disabled
[36;1mpeer0.customerorg.beatchain.com    |[0m   Base Docker Label: org.hyperledger.fabric
[34morderer.beatchain.com              |[0m 	General.LocalMSPID = "BeatchainMSP"
[35mca_peerAppDevOrg                   |[0m 2020/04/09 03:04:35 [DEBUG] Affiliation 'org1' added
[32mca_peerCustomerOrg                 |[0m 2020/04/09 03:04:34 [DEBUG] Loading identity table
[33mca_peerCreatorOrg                  |[0m 2020/04/09 03:04:34 [DEBUG] Creating affiliations table if it does not exist
[31mpeer0.creatororg.beatchain.com     |[0m [34m2020-04-09 03:04:36.166 UTC [nodeCmd] serve -> INFO 01c[0m Deployed system chaincodes
[36;1mpeer0.customerorg.beatchain.com    |[0m   Docker Namespace: hyperledger
[34morderer.beatchain.com              |[0m 	General.BCCSP.ProviderName = "SW"
[35mca_peerAppDevOrg                   |[0m 2020/04/09 03:04:35 [DEBUG] DB: Add affiliation org1.department1
[32mca_peerCustomerOrg                 |[0m 2020/04/09 03:04:34 [DEBUG] Loading identity 'admin'
[34morderer.beatchain.com              |[0m 	General.BCCSP.SwOpts.SecLevel = 256
[31mpeer0.creatororg.beatchain.com     |[0m [34m2020-04-09 03:04:36.175 UTC [discovery] NewService -> INFO 01d[0m Created with config TLS: true, authCacheMaxSize: 1000, authCachePurgeRatio: 0.750000
[33mca_peerCreatorOrg                  |[0m 2020/04/09 03:04:34 [DEBUG] Upgrade certificates table...
[36;1mpeer0.customerorg.beatchain.com    |[0m [34m2020-04-09 03:04:36.232 UTC [ledgermgmt] initialize -> INFO 003[0m Initializing ledger mgmt
[35mca_peerAppDevOrg                   |[0m 2020/04/09 03:04:35 [DEBUG] Affiliation 'org1.department1' added
[31mpeer0.creatororg.beatchain.com     |[0m [34m2020-04-09 03:04:36.175 UTC [nodeCmd] registerDiscoveryService -> INFO 01e[0m Discovery service activated
[34morderer.beatchain.com              |[0m 	General.BCCSP.SwOpts.HashFamily = "SHA2"
[32mca_peerCustomerOrg                 |[0m 2020/04/09 03:04:34 [DEBUG] DB: Getting identity admin
[35mca_peerAppDevOrg                   |[0m 2020/04/09 03:04:35 [DEBUG] DB: Add affiliation org1.department2
[36;1mpeer0.customerorg.beatchain.com    |[0m [34m2020-04-09 03:04:36.232 UTC [kvledger] NewProvider -> INFO 004[0m Initializing ledger provider
[33mca_peerCreatorOrg                  |[0m 2020/04/09 03:04:34 [DEBUG] Upgrade certificates table to level 1
[31mpeer0.creatororg.beatchain.com     |[0m [34m2020-04-09 03:04:36.175 UTC [nodeCmd] serve -> INFO 01f[0m Starting peer with ID=[name:"peer0.creatororg.beatchain.com" ], network ID=[dev], address=[peer0.creatororg.beatchain.com:7051]
[34morderer.beatchain.com              |[0m 	General.BCCSP.SwOpts.Ephemeral = false
[32mca_peerCustomerOrg                 |[0m 2020/04/09 03:04:34 [DEBUG] Max enrollment value verification - User specified max enrollment: 0, CA max enrollment: -1
[31mpeer0.creatororg.beatchain.com     |[0m [34m2020-04-09 03:04:36.175 UTC [nodeCmd] serve -> INFO 020[0m Started peer with ID=[name:"peer0.creatororg.beatchain.com" ], network ID=[dev], address=[peer0.creatororg.beatchain.com:7051]
[34morderer.beatchain.com              |[0m 	General.BCCSP.SwOpts.FileKeystore.KeyStorePath = "/var/hyperledger/orderer/msp/keystore"
[34morderer.beatchain.com              |[0m 	General.BCCSP.SwOpts.DummyKeystore =
[33mca_peerCreatorOrg                  |[0m 2020/04/09 03:04:34 [DEBUG] Creating certificates table if it does not exist
[32mca_peerCustomerOrg                 |[0m 2020/04/09 03:04:34 [DEBUG] DB: Add identity admin
[31mpeer0.creatororg.beatchain.com     |[0m [34m2020-04-09 03:04:36.175 UTC [nodeCmd] func7 -> INFO 021[0m Starting profiling server with listenAddress = 0.0.0.0:6060
[35mca_peerAppDevOrg                   |[0m 2020/04/09 03:04:35 [DEBUG] Affiliation 'org1.department2' added
[34morderer.beatchain.com              |[0m 	General.BCCSP.SwOpts.InmemKeystore =
[31mpeer0.creatororg.beatchain.com     |[0m [34m2020-04-09 03:04:36.176 UTC [kvledger] LoadPreResetHeight -> INFO 022[0m Loading prereset height from path [/var/hyperledger/production/ledgersData/chains]
[32mca_peerCustomerOrg                 |[0m 2020/04/09 03:04:35 [DEBUG] Successfully added identity admin to the database
[35mca_peerAppDevOrg                   |[0m 2020/04/09 03:04:35 [DEBUG] Successfully loaded affiliations table
[33mca_peerCreatorOrg                  |[0m 2020/04/09 03:04:34 [DEBUG] Migrating credentials table...
[34morderer.beatchain.com              |[0m 	General.BCCSP.PluginOpts =
[31mpeer0.creatororg.beatchain.com     |[0m [34m2020-04-09 03:04:36.176 UTC [fsblkstorage] LoadPreResetHeight -> INFO 023[0m Loading Pre-reset heights
[32mca_peerCustomerOrg                 |[0m 2020/04/09 03:04:35 [DEBUG] Registered identity: { Name:**** Pass:**** Type:client Affiliation: MaxEnrollments:-1 Attrs:map[hf.AffiliationMgr:1 hf.GenCRL:1 hf.IntermediateCA:1 hf.Registrar.Attributes:* hf.Registrar.DelegateRoles:* hf.Registrar.Roles:* hf.Revoker:1]  }
[35mca_peerAppDevOrg                   |[0m 2020/04/09 03:04:35 [INFO] Initialized sqlite3 database at /etc/hyperledger/fabric-ca-server/fabric-ca-server.db
[34morderer.beatchain.com              |[0m 	General.Authentication.TimeWindow = 15m0s
[31mpeer0.creatororg.beatchain.com     |[0m [34m2020-04-09 03:04:36.176 UTC [fsblkstorage] preRestHtFiles -> INFO 024[0m Dir [/var/hyperledger/production/ledgersData/chains/chains] missing... exiting
[32mca_peerCustomerOrg                 |[0m 2020/04/09 03:04:35 [DEBUG] Successfully loaded identity table
[35mca_peerAppDevOrg                   |[0m 2020/04/09 03:04:35 [DEBUG] Initializing enrollment signer
[34morderer.beatchain.com              |[0m 	General.Authentication.NoExpirationChecks = false
[34morderer.beatchain.com              |[0m 	FileLedger.Location = "/var/hyperledger/production/orderer"
[31mpeer0.creatororg.beatchain.com     |[0m [34m2020-04-09 03:04:36.176 UTC [fsblkstorage] LoadPreResetHeight -> INFO 025[0m Pre-reset heights loaded
[32mca_peerCustomerOrg                 |[0m 2020/04/09 03:04:35 [DEBUG] Loading affiliations table
[33mca_peerCreatorOrg                  |[0m 2020/04/09 03:04:34 [DEBUG] Migrating nonces table...
[34morderer.beatchain.com              |[0m 	FileLedger.Prefix = "hyperledger-fabric-ordererledger"
[35mca_peerAppDevOrg                   |[0m 2020/04/09 03:04:35 [DEBUG] No key found in BCCSP keystore, attempting fallback
[32mca_peerCustomerOrg                 |[0m 2020/04/09 03:04:35 [DEBUG] DB: Add affiliation org1
[32mca_peerCustomerOrg                 |[0m 2020/04/09 03:04:35 [DEBUG] Affiliation 'org1' added
[34morderer.beatchain.com              |[0m 	RAMLedger.HistorySize = 1000
[33mca_peerCreatorOrg                  |[0m 2020/04/09 03:04:34 [DEBUG] Migrating revocation_authority_info table...
[35mca_peerAppDevOrg                   |[0m 2020/04/09 03:04:35 [DEBUG] validating configuration
[32mca_peerCustomerOrg                 |[0m 2020/04/09 03:04:35 [DEBUG] DB: Add affiliation org1.department1
[34morderer.beatchain.com              |[0m 	Kafka.Retry.ShortInterval = 5s
[34morderer.beatchain.com              |[0m 	Kafka.Retry.ShortTotal = 10m0s
[35mca_peerAppDevOrg                   |[0m 2020/04/09 03:04:35 [DEBUG] validate local profile
[33mca_peerCreatorOrg                  |[0m 2020/04/09 03:04:34 [DEBUG] Loading identity table
[32mca_peerCustomerOrg                 |[0m 2020/04/09 03:04:35 [DEBUG] Affiliation 'org1.department1' added
[33mca_peerCreatorOrg                  |[0m 2020/04/09 03:04:34 [DEBUG] Loading identity 'admin'
[35mca_peerAppDevOrg                   |[0m 2020/04/09 03:04:35 [DEBUG] profile is valid
[34morderer.beatchain.com              |[0m 	Kafka.Retry.LongInterval = 5m0s
[32mca_peerCustomerOrg                 |[0m 2020/04/09 03:04:35 [DEBUG] DB: Add affiliation org1.department2
[33mca_peerCreatorOrg                  |[0m 2020/04/09 03:04:34 [DEBUG] DB: Getting identity admin
[34morderer.beatchain.com              |[0m 	Kafka.Retry.LongTotal = 12h0m0s
[35mca_peerAppDevOrg                   |[0m 2020/04/09 03:04:35 [DEBUG] validate local profile
[34morderer.beatchain.com              |[0m 	Kafka.Retry.NetworkTimeouts.DialTimeout = 10s
[34morderer.beatchain.com              |[0m 	Kafka.Retry.NetworkTimeouts.ReadTimeout = 10s
[34morderer.beatchain.com              |[0m 	Kafka.Retry.NetworkTimeouts.WriteTimeout = 10s
[33mca_peerCreatorOrg                  |[0m 2020/04/09 03:04:34 [DEBUG] Max enrollment value verification - User specified max enrollment: 0, CA max enrollment: -1
[35mca_peerAppDevOrg                   |[0m 2020/04/09 03:04:35 [DEBUG] profile is valid
[32mca_peerCustomerOrg                 |[0m 2020/04/09 03:04:35 [DEBUG] Affiliation 'org1.department2' added
[34morderer.beatchain.com              |[0m 	Kafka.Retry.Metadata.RetryMax = 3
[33mca_peerCreatorOrg                  |[0m 2020/04/09 03:04:34 [DEBUG] DB: Add identity admin
[35mca_peerAppDevOrg                   |[0m 2020/04/09 03:04:35 [DEBUG] validate local profile
[34morderer.beatchain.com              |[0m 	Kafka.Retry.Metadata.RetryBackoff = 250ms
[35mca_peerAppDevOrg                   |[0m 2020/04/09 03:04:35 [DEBUG] profile is valid
[34morderer.beatchain.com              |[0m 	Kafka.Retry.Producer.RetryMax = 3
[33mca_peerCreatorOrg                  |[0m 2020/04/09 03:04:35 [DEBUG] Successfully added identity admin to the database
[35mca_peerAppDevOrg                   |[0m 2020/04/09 03:04:35 [DEBUG] CA initialization successful
[34morderer.beatchain.com              |[0m 	Kafka.Retry.Producer.RetryBackoff = 100ms
[34morderer.beatchain.com              |[0m 	Kafka.Retry.Consumer.RetryBackoff = 2s
[35mca_peerAppDevOrg                   |[0m 2020/04/09 03:04:35 [DEBUG] Initializing Idemix issuer...
[34morderer.beatchain.com              |[0m 	Kafka.Verbose = false
[34morderer.beatchain.com              |[0m 	Kafka.Version = 0.10.2.0
[33mca_peerCreatorOrg                  |[0m 2020/04/09 03:04:35 [DEBUG] Registered identity: { Name:**** Pass:**** Type:client Affiliation: MaxEnrollments:-1 Attrs:map[hf.AffiliationMgr:1 hf.GenCRL:1 hf.IntermediateCA:1 hf.Registrar.Attributes:* hf.Registrar.DelegateRoles:* hf.Registrar.Roles:* hf.Revoker:1]  }
[35mca_peerAppDevOrg                   |[0m 2020/04/09 03:04:36 [INFO] The issuer key was successfully stored. The public key is at: /etc/hyperledger/fabric-ca-server/IssuerPublicKey, secret key is at: /etc/hyperledger/fabric-ca-server/msp/keystore/IssuerSecretKey
[35mca_peerAppDevOrg                   |[0m 2020/04/09 03:04:36 [DEBUG] Intializing revocation authority for issuer 'ca-appdevorg'
[33mca_peerCreatorOrg                  |[0m 2020/04/09 03:04:35 [DEBUG] Successfully loaded identity table
[34morderer.beatchain.com              |[0m 	Kafka.TLS.Enabled = false
[34morderer.beatchain.com              |[0m 	Kafka.TLS.PrivateKey = ""
[33mca_peerCreatorOrg                  |[0m 2020/04/09 03:04:35 [DEBUG] Loading affiliations table
[34morderer.beatchain.com              |[0m 	Kafka.TLS.Certificate = ""
[35mca_peerAppDevOrg                   |[0m 2020/04/09 03:04:36 [DEBUG] Initialize Idemix issuer revocation key material
[33mca_peerCreatorOrg                  |[0m 2020/04/09 03:04:35 [DEBUG] DB: Add affiliation org1
[34morderer.beatchain.com              |[0m 	Kafka.TLS.RootCAs = []
[35mca_peerAppDevOrg                   |[0m 2020/04/09 03:04:36 [INFO] Idemix issuer revocation public and secret keys were generated for CA 'ca-appdevorg'
[33mca_peerCreatorOrg                  |[0m 2020/04/09 03:04:35 [DEBUG] Affiliation 'org1' added
[34morderer.beatchain.com              |[0m 	Kafka.TLS.ClientAuthRequired = false
[35mca_peerAppDevOrg                   |[0m 2020/04/09 03:04:36 [INFO] The revocation key was successfully stored. The public key is at: /etc/hyperledger/fabric-ca-server/IssuerRevocationPublicKey, private key is at: /etc/hyperledger/fabric-ca-server/msp/keystore/IssuerRevocationPrivateKey
[34morderer.beatchain.com              |[0m 	Kafka.TLS.ClientRootCAs = []
[34morderer.beatchain.com              |[0m 	Kafka.SASLPlain.Enabled = false
[34morderer.beatchain.com              |[0m 	Kafka.SASLPlain.User = ""
[34morderer.beatchain.com              |[0m 	Kafka.SASLPlain.Password = ""
[35mca_peerAppDevOrg                   |[0m 2020/04/09 03:04:36 [DEBUG] Intializing nonce manager for issuer 'ca-appdevorg'
[33mca_peerCreatorOrg                  |[0m 2020/04/09 03:04:35 [DEBUG] DB: Add affiliation org1.department1
[34morderer.beatchain.com              |[0m 	Kafka.Topic.ReplicationFactor = 3
[33mca_peerCreatorOrg                  |[0m 2020/04/09 03:04:35 [DEBUG] Affiliation 'org1.department1' added
[35mca_peerAppDevOrg                   |[0m 2020/04/09 03:04:36 [INFO] Home directory for default CA: /etc/hyperledger/fabric-ca-server
[34morderer.beatchain.com              |[0m 	Debug.BroadcastTraceDir = ""
[33mca_peerCreatorOrg                  |[0m 2020/04/09 03:04:35 [DEBUG] DB: Add affiliation org1.department2
[34morderer.beatchain.com              |[0m 	Debug.DeliverTraceDir = ""
[34morderer.beatchain.com              |[0m 	Consensus = map[SnapDir:/var/hyperledger/production/orderer/etcdraft/snapshot WALDir:/var/hyperledger/production/orderer/etcdraft/wal]
[35mca_peerAppDevOrg                   |[0m 2020/04/09 03:04:36 [DEBUG] 1 CA instance(s) running on server
[34morderer.beatchain.com              |[0m 	Operations.ListenAddress = "127.0.0.1:8443"
[32mca_peerCustomerOrg                 |[0m 2020/04/09 03:04:35 [DEBUG] DB: Add affiliation org2
[34morderer.beatchain.com              |[0m 	Operations.TLS.Enabled = false
[33mca_peerCreatorOrg                  |[0m 2020/04/09 03:04:35 [DEBUG] Affiliation 'org1.department2' added
[34morderer.beatchain.com              |[0m 	Operations.TLS.PrivateKey = ""
[35mca_peerAppDevOrg                   |[0m 2020/04/09 03:04:36 [INFO] Operation Server Listening on 127.0.0.1:9443
[32mca_peerCustomerOrg                 |[0m 2020/04/09 03:04:35 [DEBUG] Affiliation 'org2' added
[32mca_peerCustomerOrg                 |[0m 2020/04/09 03:04:35 [DEBUG] DB: Add affiliation org2.department1
[34morderer.beatchain.com              |[0m 	Operations.TLS.Certificate = ""
[35mca_peerAppDevOrg                   |[0m 2020/04/09 03:04:36 [DEBUG] TLS is enabled
[33mca_peerCreatorOrg                  |[0m 2020/04/09 03:04:35 [DEBUG] DB: Add affiliation org2
[34morderer.beatchain.com              |[0m 	Operations.TLS.RootCAs = []
[33mca_peerCreatorOrg                  |[0m 2020/04/09 03:04:35 [DEBUG] Affiliation 'org2' added
[32mca_peerCustomerOrg                 |[0m 2020/04/09 03:04:35 [DEBUG] Affiliation 'org2.department1' added
[34morderer.beatchain.com              |[0m 	Operations.TLS.ClientAuthRequired = false
[35mca_peerAppDevOrg                   |[0m 2020/04/09 03:04:36 [DEBUG] TLS Certificate: /etc/hyperledger/fabric-ca-server-config/ca.appdevorg.beatchain.com-cert.pem, TLS Key: /etc/hyperledger/fabric-ca-server-config/7f7b60ed5bd5991796f0b7b738ac657cb46d46228ee3db1d7d85dc632dd0ffed_sk
[32mca_peerCustomerOrg                 |[0m 2020/04/09 03:04:35 [DEBUG] Successfully loaded affiliations table
[33mca_peerCreatorOrg                  |[0m 2020/04/09 03:04:35 [DEBUG] DB: Add affiliation org2.department1
[34morderer.beatchain.com              |[0m 	Operations.TLS.ClientRootCAs = []
[32mca_peerCustomerOrg                 |[0m 2020/04/09 03:04:35 [INFO] Initialized sqlite3 database at /etc/hyperledger/fabric-ca-server/fabric-ca-server.db
[35mca_peerAppDevOrg                   |[0m 2020/04/09 03:04:36 [DEBUG] Client authentication type requested: noclientcert
[34morderer.beatchain.com              |[0m 	Metrics.Provider = "disabled"
[32mca_peerCustomerOrg                 |[0m 2020/04/09 03:04:35 [DEBUG] Initializing enrollment signer
[33mca_peerCreatorOrg                  |[0m 2020/04/09 03:04:35 [DEBUG] Affiliation 'org2.department1' added
[34morderer.beatchain.com              |[0m 	Metrics.Statsd.Network = "udp"
[32mca_peerCustomerOrg                 |[0m 2020/04/09 03:04:35 [DEBUG] No key found in BCCSP keystore, attempting fallback
[35mca_peerAppDevOrg                   |[0m 2020/04/09 03:04:36 [INFO] Listening on https://0.0.0.0:7054
[33mca_peerCreatorOrg                  |[0m 2020/04/09 03:04:35 [DEBUG] Successfully loaded affiliations table
[34morderer.beatchain.com              |[0m 	Metrics.Statsd.Address = "127.0.0.1:8125"
[32mca_peerCustomerOrg                 |[0m 2020/04/09 03:04:35 [DEBUG] validating configuration
[33mca_peerCreatorOrg                  |[0m 2020/04/09 03:04:35 [INFO] Initialized sqlite3 database at /etc/hyperledger/fabric-ca-server/fabric-ca-server.db
[34morderer.beatchain.com              |[0m 	Metrics.Statsd.WriteInterval = 30s
[32mca_peerCustomerOrg                 |[0m 2020/04/09 03:04:35 [DEBUG] validate local profile
[34morderer.beatchain.com              |[0m 	Metrics.Statsd.Prefix = ""
[32mca_peerCustomerOrg                 |[0m 2020/04/09 03:04:35 [DEBUG] profile is valid
[33mca_peerCreatorOrg                  |[0m 2020/04/09 03:04:35 [DEBUG] Initializing enrollment signer
[34morderer.beatchain.com              |[0m [34m2020-04-09 03:04:35.648 UTC [orderer.common.server] extractSysChanLastConfig -> INFO 003[0m Bootstrapping because no existing channels
[32mca_peerCustomerOrg                 |[0m 2020/04/09 03:04:35 [DEBUG] validate local profile
[34morderer.beatchain.com              |[0m [34m2020-04-09 03:04:35.649 UTC [orderer.common.server] initializeServerConfig -> INFO 004[0m Starting orderer with TLS enabled
[33mca_peerCreatorOrg                  |[0m 2020/04/09 03:04:35 [DEBUG] No key found in BCCSP keystore, attempting fallback
[32mca_peerCustomerOrg                 |[0m 2020/04/09 03:04:35 [DEBUG] profile is valid
[34morderer.beatchain.com              |[0m [34m2020-04-09 03:04:35.678 UTC [fsblkstorage] newBlockfileMgr -> INFO 005[0m Getting block information from block storage
[33mca_peerCreatorOrg                  |[0m 2020/04/09 03:04:35 [DEBUG] validating configuration
[32mca_peerCustomerOrg                 |[0m 2020/04/09 03:04:35 [DEBUG] validate local profile
[34morderer.beatchain.com              |[0m [34m2020-04-09 03:04:35.782 UTC [orderer.commmon.multichannel] Initialize -> INFO 006[0m Starting system channel 'testchainid' with genesis block hash 10413acf4392c215beb4396a5808fa968c3b8637af3f8d5f6b50901e67dff0ca and orderer type solo
[33mca_peerCreatorOrg                  |[0m 2020/04/09 03:04:35 [DEBUG] validate local profile
[32mca_peerCustomerOrg                 |[0m 2020/04/09 03:04:35 [DEBUG] profile is valid
[34morderer.beatchain.com              |[0m [34m2020-04-09 03:04:35.782 UTC [orderer.common.server] Start -> INFO 007[0m Starting orderer:
[33mca_peerCreatorOrg                  |[0m 2020/04/09 03:04:35 [DEBUG] profile is valid
[34morderer.beatchain.com              |[0m  Version: 1.4.7
[34morderer.beatchain.com              |[0m  Commit SHA: 9461ba23e
[34morderer.beatchain.com              |[0m  Go version: go1.12.12
[33mca_peerCreatorOrg                  |[0m 2020/04/09 03:04:35 [DEBUG] validate local profile
[32mca_peerCustomerOrg                 |[0m 2020/04/09 03:04:35 [DEBUG] CA initialization successful
[32mca_peerCustomerOrg                 |[0m 2020/04/09 03:04:35 [DEBUG] Initializing Idemix issuer...
[32mca_peerCustomerOrg                 |[0m 2020/04/09 03:04:35 [INFO] The issuer key was successfully stored. The public key is at: /etc/hyperledger/fabric-ca-server/IssuerPublicKey, secret key is at: /etc/hyperledger/fabric-ca-server/msp/keystore/IssuerSecretKey
[32mca_peerCustomerOrg                 |[0m 2020/04/09 03:04:35 [DEBUG] Intializing revocation authority for issuer 'ca-customerorg'
[32mca_peerCustomerOrg                 |[0m 2020/04/09 03:04:35 [DEBUG] Initialize Idemix issuer revocation key material
[32mca_peerCustomerOrg                 |[0m 2020/04/09 03:04:35 [INFO] Idemix issuer revocation public and secret keys were generated for CA 'ca-customerorg'
[32mca_peerCustomerOrg                 |[0m 2020/04/09 03:04:35 [INFO] The revocation key was successfully stored. The public key is at: /etc/hyperledger/fabric-ca-server/IssuerRevocationPublicKey, private key is at: /etc/hyperledger/fabric-ca-server/msp/keystore/IssuerRevocationPrivateKey
[32mca_peerCustomerOrg                 |[0m 2020/04/09 03:04:36 [DEBUG] Intializing nonce manager for issuer 'ca-customerorg'
[32mca_peerCustomerOrg                 |[0m 2020/04/09 03:04:36 [INFO] Home directory for default CA: /etc/hyperledger/fabric-ca-server
[32mca_peerCustomerOrg                 |[0m 2020/04/09 03:04:36 [DEBUG] 1 CA instance(s) running on server
[32mca_peerCustomerOrg                 |[0m 2020/04/09 03:04:36 [INFO] Operation Server Listening on 127.0.0.1:9443
[32mca_peerCustomerOrg                 |[0m 2020/04/09 03:04:36 [DEBUG] TLS is enabled
[32mca_peerCustomerOrg                 |[0m 2020/04/09 03:04:36 [DEBUG] TLS Certificate: /etc/hyperledger/fabric-ca-server-config/ca.customerorg.beatchain.com-cert.pem, TLS Key: /etc/hyperledger/fabric-ca-server-config/b86a98524f7a9c212c89be4c8007423ae8dccca70d6a2f06e2f28885790fb761_sk
[32mca_peerCustomerOrg                 |[0m 2020/04/09 03:04:36 [DEBUG] Client authentication type requested: noclientcert
[32mca_peerCustomerOrg                 |[0m 2020/04/09 03:04:36 [INFO] Listening on https://0.0.0.0:7054
[33mca_peerCreatorOrg                  |[0m 2020/04/09 03:04:35 [DEBUG] profile is valid
[33mca_peerCreatorOrg                  |[0m 2020/04/09 03:04:35 [DEBUG] validate local profile
[33mca_peerCreatorOrg                  |[0m 2020/04/09 03:04:35 [DEBUG] profile is valid
[33mca_peerCreatorOrg                  |[0m 2020/04/09 03:04:35 [DEBUG] CA initialization successful
[33mca_peerCreatorOrg                  |[0m 2020/04/09 03:04:35 [DEBUG] Initializing Idemix issuer...
[34morderer.beatchain.com              |[0m  OS/Arch: linux/amd64
[34morderer.beatchain.com              |[0m [34m2020-04-09 03:04:35.782 UTC [orderer.common.server] Start -> INFO 008[0m Beginning to serve requests
[33mca_peerCreatorOrg                  |[0m 2020/04/09 03:04:35 [INFO] The issuer key was successfully stored. The public key is at: /etc/hyperledger/fabric-ca-server/IssuerPublicKey, secret key is at: /etc/hyperledger/fabric-ca-server/msp/keystore/IssuerSecretKey
[33mca_peerCreatorOrg                  |[0m 2020/04/09 03:04:35 [DEBUG] Intializing revocation authority for issuer 'ca-creatororg'
[33mca_peerCreatorOrg                  |[0m 2020/04/09 03:04:35 [DEBUG] Initialize Idemix issuer revocation key material
[33mca_peerCreatorOrg                  |[0m 2020/04/09 03:04:35 [INFO] Idemix issuer revocation public and secret keys were generated for CA 'ca-creatororg'
[33mca_peerCreatorOrg                  |[0m 2020/04/09 03:04:35 [INFO] The revocation key was successfully stored. The public key is at: /etc/hyperledger/fabric-ca-server/IssuerRevocationPublicKey, private key is at: /etc/hyperledger/fabric-ca-server/msp/keystore/IssuerRevocationPrivateKey
[33mca_peerCreatorOrg                  |[0m 2020/04/09 03:04:35 [DEBUG] Intializing nonce manager for issuer 'ca-creatororg'
[33mca_peerCreatorOrg                  |[0m 2020/04/09 03:04:35 [INFO] Home directory for default CA: /etc/hyperledger/fabric-ca-server
[33mca_peerCreatorOrg                  |[0m 2020/04/09 03:04:35 [DEBUG] 1 CA instance(s) running on server
[33mca_peerCreatorOrg                  |[0m 2020/04/09 03:04:35 [INFO] Operation Server Listening on 127.0.0.1:9443
[33mca_peerCreatorOrg                  |[0m 2020/04/09 03:04:35 [DEBUG] TLS is enabled
[33mca_peerCreatorOrg                  |[0m 2020/04/09 03:04:35 [DEBUG] TLS Certificate: /etc/hyperledger/fabric-ca-server-config/ca.creatororg.beatchain.com-cert.pem, TLS Key: /etc/hyperledger/fabric-ca-server-config/9ef05461babc30ceed077f65b83f36c3aa9252ae5da9aa7ea753171ac047050f_sk
[33mca_peerCreatorOrg                  |[0m 2020/04/09 03:04:35 [DEBUG] Client authentication type requested: noclientcert
[33mca_peerCreatorOrg                  |[0m 2020/04/09 03:04:35 [INFO] Listening on https://0.0.0.0:7054
[36;1mpeer0.customerorg.beatchain.com    |[0m [34m2020-04-09 03:04:36.407 UTC [kvledger] NewProvider -> INFO 005[0m ledger provider Initialized
[36;1mpeer0.customerorg.beatchain.com    |[0m [34m2020-04-09 03:04:36.658 UTC [ledgermgmt] initialize -> INFO 006[0m ledger mgmt initialized
[36;1mpeer0.customerorg.beatchain.com    |[0m [34m2020-04-09 03:04:36.658 UTC [peer] func1 -> INFO 007[0m Auto-detected peer address: 172.18.0.6:7051
[36;1mpeer0.customerorg.beatchain.com    |[0m [34m2020-04-09 03:04:36.658 UTC [peer] func1 -> INFO 008[0m Returning peer0.customerorg.beatchain.com:7051
[36;1mpeer0.customerorg.beatchain.com    |[0m [34m2020-04-09 03:04:36.658 UTC [peer] func1 -> INFO 009[0m Auto-detected peer address: 172.18.0.6:7051
[36;1mpeer0.customerorg.beatchain.com    |[0m [34m2020-04-09 03:04:36.659 UTC [peer] func1 -> INFO 00a[0m Returning peer0.customerorg.beatchain.com:7051
[36;1mpeer0.customerorg.beatchain.com    |[0m [34m2020-04-09 03:04:36.660 UTC [nodeCmd] serve -> INFO 00b[0m Starting peer with TLS enabled
[36;1mpeer0.customerorg.beatchain.com    |[0m [34m2020-04-09 03:04:36.662 UTC [nodeCmd] computeChaincodeEndpoint -> INFO 00c[0m Entering computeChaincodeEndpoint with peerHostname: peer0.customerorg.beatchain.com
[36;1mpeer0.customerorg.beatchain.com    |[0m [34m2020-04-09 03:04:36.662 UTC [nodeCmd] computeChaincodeEndpoint -> INFO 00d[0m Exit with ccEndpoint: peer0.customerorg.beatchain.com:7052
[36;1mpeer0.customerorg.beatchain.com    |[0m [33m2020-04-09 03:04:36.663 UTC [nodeCmd] createChaincodeServer -> WARN 00e[0m peer.chaincodeListenAddress is not set, using peer0.customerorg.beatchain.com:7052
[36;1mpeer0.customerorg.beatchain.com    |[0m [34m2020-04-09 03:04:36.673 UTC [sccapi] registerSysCC -> INFO 00f[0m system chaincode lscc(github.com/hyperledger/fabric/core/scc/lscc) registered
[36;1mpeer0.customerorg.beatchain.com    |[0m [34m2020-04-09 03:04:36.673 UTC [sccapi] registerSysCC -> INFO 010[0m system chaincode cscc(github.com/hyperledger/fabric/core/scc/cscc) registered
[36;1mpeer0.customerorg.beatchain.com    |[0m [34m2020-04-09 03:04:36.674 UTC [sccapi] registerSysCC -> INFO 011[0m system chaincode qscc(github.com/hyperledger/fabric/core/scc/qscc) registered
[36;1mpeer0.customerorg.beatchain.com    |[0m [34m2020-04-09 03:04:36.674 UTC [sccapi] registerSysCC -> INFO 012[0m system chaincode (+lifecycle,github.com/hyperledger/fabric/core/chaincode/lifecycle,true) disabled
[36;1mpeer0.customerorg.beatchain.com    |[0m [34m2020-04-09 03:04:36.678 UTC [gossip.service] func1 -> INFO 013[0m Initialize gossip with endpoint peer0.customerorg.beatchain.com:7051 and bootstrap set [peer0.customerorg.beatchain.com:7051]
[36;1mpeer0.customerorg.beatchain.com    |[0m [34m2020-04-09 03:04:36.697 UTC [gossip.gossip] NewGossipService -> INFO 014[0m Creating gossip service with self membership of Endpoint: peer0.customerorg.beatchain.com:7051, InternalEndpoint: peer0.customerorg.beatchain.com:7051, PKI-ID: a0ef13e9db550331ef6380b0972df8fd24e499e93c64c06db9db9eff5e3f34d4, Metadata: 
[36;1mpeer0.customerorg.beatchain.com    |[0m [34m2020-04-09 03:04:36.698 UTC [gossip.gossip] start -> INFO 015[0m Gossip instance peer0.customerorg.beatchain.com:7051 started
[36;1mpeer0.customerorg.beatchain.com    |[0m [34m2020-04-09 03:04:36.698 UTC [sccapi] deploySysCC -> INFO 016[0m system chaincode lscc/(github.com/hyperledger/fabric/core/scc/lscc) deployed
[36;1mpeer0.customerorg.beatchain.com    |[0m [34m2020-04-09 03:04:36.706 UTC [cscc] Init -> INFO 017[0m Init CSCC
[36;1mpeer0.customerorg.beatchain.com    |[0m [34m2020-04-09 03:04:36.706 UTC [sccapi] deploySysCC -> INFO 018[0m system chaincode cscc/(github.com/hyperledger/fabric/core/scc/cscc) deployed
[36;1mpeer0.customerorg.beatchain.com    |[0m [34m2020-04-09 03:04:36.706 UTC [qscc] Init -> INFO 019[0m Init QSCC
[36;1mpeer0.customerorg.beatchain.com    |[0m [34m2020-04-09 03:04:36.706 UTC [sccapi] deploySysCC -> INFO 01a[0m system chaincode qscc/(github.com/hyperledger/fabric/core/scc/qscc) deployed
[36;1mpeer0.customerorg.beatchain.com    |[0m [34m2020-04-09 03:04:36.707 UTC [sccapi] deploySysCC -> INFO 01b[0m system chaincode (+lifecycle,github.com/hyperledger/fabric/core/chaincode/lifecycle) disabled
[36;1mpeer0.customerorg.beatchain.com    |[0m [34m2020-04-09 03:04:36.707 UTC [nodeCmd] serve -> INFO 01c[0m Deployed system chaincodes
[36;1mpeer0.customerorg.beatchain.com    |[0m [34m2020-04-09 03:04:36.708 UTC [discovery] NewService -> INFO 01d[0m Created with config TLS: true, authCacheMaxSize: 1000, authCachePurgeRatio: 0.750000
[36;1mpeer0.customerorg.beatchain.com    |[0m [34m2020-04-09 03:04:36.708 UTC [nodeCmd] registerDiscoveryService -> INFO 01e[0m Discovery service activated
[36;1mpeer0.customerorg.beatchain.com    |[0m [34m2020-04-09 03:04:36.708 UTC [nodeCmd] serve -> INFO 01f[0m Starting peer with ID=[name:"peer0.customerorg.beatchain.com" ], network ID=[dev], address=[peer0.customerorg.beatchain.com:7051]
[36;1mpeer0.customerorg.beatchain.com    |[0m [34m2020-04-09 03:04:36.708 UTC [nodeCmd] serve -> INFO 020[0m Started peer with ID=[name:"peer0.customerorg.beatchain.com" ], network ID=[dev], address=[peer0.customerorg.beatchain.com:7051]
[36;1mpeer0.customerorg.beatchain.com    |[0m [34m2020-04-09 03:04:36.708 UTC [nodeCmd] func7 -> INFO 021[0m Starting profiling server with listenAddress = 0.0.0.0:6060
[36;1mpeer0.customerorg.beatchain.com    |[0m [34m2020-04-09 03:04:36.709 UTC [kvledger] LoadPreResetHeight -> INFO 022[0m Loading prereset height from path [/var/hyperledger/production/ledgersData/chains]
[36;1mpeer0.customerorg.beatchain.com    |[0m [34m2020-04-09 03:04:36.709 UTC [fsblkstorage] LoadPreResetHeight -> INFO 023[0m Loading Pre-reset heights
[36;1mpeer0.customerorg.beatchain.com    |[0m [34m2020-04-09 03:04:36.709 UTC [fsblkstorage] preRestHtFiles -> INFO 024[0m Dir [/var/hyperledger/production/ledgersData/chains/chains] missing... exiting
[36;1mpeer0.customerorg.beatchain.com    |[0m [34m2020-04-09 03:04:36.709 UTC [fsblkstorage] LoadPreResetHeight -> INFO 025[0m Pre-reset heights loaded
[36;1mpeer0.customerorg.beatchain.com    |[0m [34m2020-04-09 03:05:13.801 UTC [nodeCmd] handleSignals -> INFO 026[0m Received signal: 15 (terminated)
[36;1mpeer0.customerorg.beatchain.com    |[0m [34m2020-04-09 03:05:13.802 UTC [gossip.gossip] Stop -> INFO 027[0m Stopping gossip
[36;1mpeer0.customerorg.beatchain.com    |[0m [34m2020-04-09 03:05:13.802 UTC [gossip.discovery] Stop -> INFO 028[0m Stopping
[36;1mpeer0.customerorg.beatchain.com    |[0m [34m2020-04-09 03:05:13.802 UTC [gossip.discovery] Stop -> INFO 029[0m Stopped
[36;1mpeer0.customerorg.beatchain.com    |[0m [34m2020-04-09 03:05:13.802 UTC [gossip.comm] Stop -> INFO 02a[0m Stopping
[36;1mpeer0.customerorg.beatchain.com    |[0m [34m2020-04-09 03:05:13.802 UTC [gossip.comm] Stop -> INFO 02b[0m Stopped
[34morderer.beatchain.com              |[0m [34m2020-04-09 03:05:13.843 UTC [orderer.common.server] handleSignals -> INFO 009[0m Received signal: 15 (terminated)
[36mpeer0.appdevorg.beatchain.com      |[0m [34m2020-04-09 03:05:13.862 UTC [nodeCmd] handleSignals -> INFO 026[0m Received signal: 15 (terminated)
[36mpeer0.appdevorg.beatchain.com      |[0m [34m2020-04-09 03:05:13.862 UTC [gossip.gossip] Stop -> INFO 027[0m Stopping gossip
[36mpeer0.appdevorg.beatchain.com      |[0m [34m2020-04-09 03:05:13.862 UTC [gossip.discovery] Stop -> INFO 028[0m Stopping
[36mpeer0.appdevorg.beatchain.com      |[0m [34m2020-04-09 03:05:13.862 UTC [gossip.discovery] Stop -> INFO 029[0m Stopped
[36mpeer0.appdevorg.beatchain.com      |[0m [34m2020-04-09 03:05:13.862 UTC [gossip.comm] Stop -> INFO 02a[0m Stopping
[36mpeer0.appdevorg.beatchain.com      |[0m [34m2020-04-09 03:05:13.862 UTC [gossip.comm] Stop -> INFO 02b[0m Stopped
[31mpeer0.creatororg.beatchain.com     |[0m [34m2020-04-09 03:05:13.924 UTC [nodeCmd] handleSignals -> INFO 026[0m Received signal: 15 (terminated)
[31mpeer0.creatororg.beatchain.com     |[0m [34m2020-04-09 03:05:13.924 UTC [gossip.gossip] Stop -> INFO 027[0m Stopping gossip
[31mpeer0.creatororg.beatchain.com     |[0m [34m2020-04-09 03:05:13.924 UTC [gossip.discovery] Stop -> INFO 028[0m Stopping
[31mpeer0.creatororg.beatchain.com     |[0m [34m2020-04-09 03:05:13.931 UTC [gossip.discovery] Stop -> INFO 029[0m Stopped
[31mpeer0.creatororg.beatchain.com     |[0m [34m2020-04-09 03:05:13.931 UTC [gossip.comm] Stop -> INFO 02a[0m Stopping
[31mpeer0.creatororg.beatchain.com     |[0m [34m2020-04-09 03:05:13.931 UTC [gossip.comm] Stop -> INFO 02b[0m Stopped
[34morderer.beatchain.com exited with code 0
[0m[31mpeer0.creatororg.beatchain.com exited with code 0
[0m[36;1mpeer0.customerorg.beatchain.com exited with code 0
[0m[36mpeer0.appdevorg.beatchain.com exited with code 0
[0m[32mca_peerCustomerOrg exited with code 137
[0m[35mca_peerAppDevOrg exited with code 137
[0m[33mca_peerCreatorOrg exited with code 137
[0m